<?xml version="1.0" encoding="UTF-8"?>
<!-- Generated by org.testng.reporters.JUnitReportReporter -->
<testsuite hostname="EXIPC0117" failures="0" tests="2" name="APIRequest.Practice" time="33.536" errors="0" timestamp="2023-03-06T11:57:45 IST" skipped="0">
  <testcase classname="APIRequest.Practice" name="getAllBookings" time="33.491"/>
  <system-out/>
  <testcase classname="APIRequest.Practice" name="getBookingDetailsWithInvalidFirstName" time="0.045"/>
  <system-out/>
</testsuite> <!-- APIRequest.Practice -->
