<?xml version="1.0" encoding="UTF-8"?>
<!-- Generated by org.testng.reporters.JUnitReportReporter -->
<testsuite hostname="EXIPC0117" failures="0" tests="3" name="APIRequest.DataproviderExample" time="0.018" errors="0" timestamp="2023-07-27T10:50:31 IST" skipped="0">
  <testcase classname="APIRequest.DataproviderExample" name="demo" time="0.004"/>
  <testcase classname="APIRequest.DataproviderExample" name="demo" time="0.009"/>
  <testcase classname="APIRequest.DataproviderExample" name="demo" time="0.005"/>
</testsuite> <!-- APIRequest.DataproviderExample -->
