<?xml version="1.0" encoding="UTF-8"?>
<!-- Generated by org.testng.reporters.JUnitReportReporter -->
<testsuite hostname="EXIPC0117" failures="0" tests="1" name="APIRequest.stopDocker" time="8.095" errors="0" timestamp="2023-04-19T15:09:36 IST" skipped="0">
  <testcase classname="APIRequest.stopDocker" name="stopFile" time="8.095"/>
  <system-out/>
</testsuite> <!-- APIRequest.stopDocker -->
