<?xml version="1.0" encoding="UTF-8"?>
<!-- Generated by org.testng.reporters.JUnitReportReporter -->
<testsuite hostname="EXIPC0117" failures="0" tests="1" name="APIRequest.Startdocker" time="42.667" errors="0" timestamp="2023-04-19T14:29:42 IST" skipped="0">
  <testcase classname="APIRequest.Startdocker" name="startFile" time="42.667"/>
  <system-out/>
</testsuite> <!-- APIRequest.Startdocker -->
