<?xml version="1.0" encoding="UTF-8"?>
<!-- Generated by org.testng.reporters.JUnitReportReporter -->
<testsuite hostname="EXIPC0117" failures="0" tests="1" name="APIRequest.Chrome1" time="20.790" errors="0" timestamp="2023-04-26T12:26:51 IST" skipped="0">
  <testcase classname="APIRequest.Chrome1" name="google" time="20.790"/>
  <system-out/>
</testsuite> <!-- APIRequest.Chrome1 -->
