<?xml version="1.0" encoding="UTF-8"?>
<!-- Generated by org.testng.reporters.JUnitReportReporter -->
<testsuite hostname="EXIPC0117" failures="0" tests="1" name="APIRequest.Chrome2" time="14.065" errors="0" timestamp="2023-05-18T15:42:58 IST" skipped="0">
  <testcase classname="APIRequest.Chrome2" name="yahoo" time="14.065"/>
  <system-out/>
</testsuite> <!-- APIRequest.Chrome2 -->
