<?xml version="1.0" encoding="UTF-8"?>
<!-- Generated by org.testng.reporters.JUnitReportReporter -->
<testsuite hostname="EXIPC0117" failures="0" tests="1" name="APIRequest.ChromeDocker" time="8.231" errors="0" timestamp="2023-05-18T10:48:27 IST" skipped="0">
  <testcase classname="APIRequest.ChromeDocker" name="yahoo" time="8.231"/>
  <system-out/>
</testsuite> <!-- APIRequest.ChromeDocker -->
