<?xml version="1.0" encoding="UTF-8"?>
<!-- Generated by org.testng.reporters.JUnitReportReporter -->
<testsuite hostname="EXIPC0117" failures="0" tests="1" name="APIRequest.APIAutomation" time="5.137" errors="0" timestamp="2023-05-11T15:31:25 IST" skipped="0">
  <testcase classname="APIRequest.APIAutomation" name="test1" time="5.137"/>
  <system-out/>
</testsuite> <!-- APIRequest.APIAutomation -->
