<?xml version="1.0" encoding="UTF-8"?>
<!-- Generated by org.testng.reporters.JUnitReportReporter -->
<testsuite hostname="EXIPC0117" failures="0" tests="1" name="APIRequest.Chrome3" time="28.450" errors="0" timestamp="2023-04-26T12:29:07 IST" skipped="0">
  <testcase classname="APIRequest.Chrome3" name="Gmail" time="28.450"/>
  <system-out/>
</testsuite> <!-- APIRequest.Chrome3 -->
